1613658280484	geckodriver	INFO	Listening on 127.0.0.1:54786
1613658283614	mozrunner::runner	INFO	Running command: "C:\\Program Files\\Mozilla Firefox\\firefox.exe" "--marionette" "-foreground" "-no-remote" "-profile" "C:\\Users\\breno\\AppData\\Local\\Temp\\rust_mozprofileZZJrT1"
console.warn: SearchSettings: "get: No settings file exists, new profile?" (new Error("", "(unknown module)"))
1613658288766	Marionette	INFO	Listening on port 54811
1613658289204	Marionette	WARN	TLS certificate errors will be ignored for this session
1613658289220	Marionette	ERROR	[15] No reply from Marionette:Register
console.warn: SearchSettings: "get: No settings file exists, new profile?" (new Error("", "(unknown module)"))
1613658301048	Marionette	ERROR	[33] No reply from Marionette:Register
1613658464319	Marionette	INFO	Stopped listening on port 54811

###!!! [Child][RunMessage] Error: Channel closing: too late to send/recv, messages will be lost

1613659465876	geckodriver	INFO	Listening on 127.0.0.1:56952
1613659468904	mozrunner::runner	INFO	Running command: "C:\\Program Files\\Mozilla Firefox\\firefox.exe" "--marionette" "-foreground" "-no-remote" "-profile" "C:\\Users\\breno\\AppData\\Local\\Temp\\rust_mozprofileFgfcM4"
console.warn: SearchSettings: "get: No settings file exists, new profile?" (new Error("", "(unknown module)"))
1613659476403	Marionette	INFO	Listening on port 56968
1613659476926	Marionette	WARN	TLS certificate errors will be ignored for this session
1613659476939	Marionette	ERROR	[15] No reply from Marionette:Register
console.warn: SearchSettings: "get: No settings file exists, new profile?" (new Error("", "(unknown module)"))

###!!! [Child][RunMessage] Error: Channel closing: too late to send/recv, messages will be lost

1613659488732	Marionette	ERROR	[33] No reply from Marionette:Register
1613659562750	Marionette	INFO	Stopped listening on port 56968
JavaScript error: resource://activity-stream/lib/ASRouter.jsm, line 987: NS_ERROR_ILLEGAL_VALUE: Component returned failure code: 0x80070057 (NS_ERROR_ILLEGAL_VALUE) [nsIObserverService.removeObserver]

###!!! [Child][RunMessage] Error: Channel closing: too late to send/recv, messages will be lost

1613659656234	geckodriver	INFO	Listening on 127.0.0.1:57780
1613659659284	mozrunner::runner	INFO	Running command: "C:\\Program Files\\Mozilla Firefox\\firefox.exe" "--marionette" "-foreground" "-no-remote" "-profile" "C:\\Users\\breno\\AppData\\Local\\Temp\\rust_mozprofile3iwr7L"
console.warn: SearchSettings: "get: No settings file exists, new profile?" (new Error("", "(unknown module)"))
1613659665554	Marionette	INFO	Listening on port 57793
1613659665644	Marionette	WARN	TLS certificate errors will be ignored for this session
1613659665665	Marionette	ERROR	[15] No reply from Marionette:Register
console.warn: SearchSettings: "get: No settings file exists, new profile?" (new Error("", "(unknown module)"))
1613659680075	Marionette	ERROR	[33] No reply from Marionette:Register
1613659695406	Marionette	INFO	Stopped listening on port 57793

###!!! [Child][RunMessage] Error: Channel closing: too late to send/recv, messages will be lost

1613661187261	geckodriver	INFO	Listening on 127.0.0.1:62245
1613661190292	mozrunner::runner	INFO	Running command: "C:\\Program Files\\Mozilla Firefox\\firefox.exe" "--marionette" "-foreground" "-no-remote" "-profile" "C:\\Users\\breno\\AppData\\Local\\Temp\\rust_mozprofilezs9yvm"
console.warn: SearchSettings: "get: No settings file exists, new profile?" (new Error("", "(unknown module)"))
1613661194637	Marionette	INFO	Listening on port 62256
1613661195133	Marionette	WARN	TLS certificate errors will be ignored for this session
1613661195145	Marionette	ERROR	[15] No reply from Marionette:Register
1613661209393	Marionette	ERROR	[33] No reply from Marionette:Register
1613661299278	Marionette	INFO	Stopped listening on port 62256
JavaScript error: resource://activity-stream/lib/ASRouter.jsm, line 987: NS_ERROR_ILLEGAL_VALUE: Component returned failure code: 0x80070057 (NS_ERROR_ILLEGAL_VALUE) [nsIObserverService.removeObserver]

###!!! [Child][RunMessage] Error: Channel closing: too late to send/recv, messages will be lost

1613661362731	geckodriver	INFO	Listening on 127.0.0.1:62729
1613661366747	mozrunner::runner	INFO	Running command: "C:\\Program Files\\Mozilla Firefox\\firefox.exe" "--marionette" "-foreground" "-no-remote" "-profile" "C:\\Users\\breno\\AppData\\Local\\Temp\\rust_mozprofile27Z3kN"
console.warn: SearchSettings: "get: No settings file exists, new profile?" (new Error("", "(unknown module)"))
1613661371179	Marionette	INFO	Listening on port 62737
1613661371557	Marionette	WARN	TLS certificate errors will be ignored for this session
1613661371569	Marionette	ERROR	[15] No reply from Marionette:Register
console.warn: SearchSettings: "get: No settings file exists, new profile?" (new Error("", "(unknown module)"))
1613661399617	Marionette	INFO	Stopped listening on port 62737
[Parent 7536, IPC I/O Parent] WARNING: file /builds/worker/checkouts/gecko/ipc/chromium/src/base/process_util_win.cc:167

###!!! [Child][RunMessage] Error: Channel closing: too late to send/recv, messages will be lost

1613661408619	geckodriver	INFO	Listening on 127.0.0.1:62807
1613661411672	mozrunner::runner	INFO	Running command: "C:\\Program Files\\Mozilla Firefox\\firefox.exe" "--marionette" "-foreground" "-no-remote" "-profile" "C:\\Users\\breno\\AppData\\Local\\Temp\\rust_mozprofileWSQfjN"
console.warn: SearchSettings: "get: No settings file exists, new profile?" (new Error("", "(unknown module)"))
1613661415727	Marionette	INFO	Listening on port 62815
1613661415839	Marionette	WARN	TLS certificate errors will be ignored for this session
1613661415852	Marionette	ERROR	[15] No reply from Marionette:Register
console.warn: SearchSettings: "get: No settings file exists, new profile?" (new Error("", "(unknown module)"))
1613661425988	Marionette	ERROR	[33] No reply from Marionette:Register
JavaScript error: resource://activity-stream/lib/ASRouter.jsm, line 987: NS_ERROR_ILLEGAL_VALUE: Component returned failure code: 0x80070057 (NS_ERROR_ILLEGAL_VALUE) [nsIObserverService.removeObserver]
1613661515788	Marionette	INFO	Stopped listening on port 62815

###!!! [Child][RunMessage] Error: Channel closing: too late to send/recv, messages will be lost

1613661522987	geckodriver	INFO	Listening on 127.0.0.1:62989
1613661525997	mozrunner::runner	INFO	Running command: "C:\\Program Files\\Mozilla Firefox\\firefox.exe" "--marionette" "-foreground" "-no-remote" "-profile" "C:\\Users\\breno\\AppData\\Local\\Temp\\rust_mozprofileAZRegu"
console.warn: SearchSettings: "get: No settings file exists, new profile?" (new Error("", "(unknown module)"))
1613661530370	Marionette	INFO	Listening on port 62998
1613661530781	Marionette	WARN	TLS certificate errors will be ignored for this session
1613661530793	Marionette	ERROR	[15] No reply from Marionette:Register
console.warn: SearchSettings: "get: No settings file exists, new profile?" (new Error("", "(unknown module)"))
1613661541554	Marionette	ERROR	[33] No reply from Marionette:Register
JavaScript error: resource://activity-stream/lib/ASRouter.jsm, line 987: NS_ERROR_ILLEGAL_VALUE: Component returned failure code: 0x80070057 (NS_ERROR_ILLEGAL_VALUE) [nsIObserverService.removeObserver]
[Parent 10628, IPC I/O Parent] WARNING: file /builds/worker/checkouts/gecko/ipc/chromium/src/base/process_util_win.cc:167
1613661818832	Marionette	INFO	Stopped listening on port 62998

###!!! [Child][RunMessage] Error: Channel closing: too late to send/recv, messages will be lost

ate errors will be ignored for this session
1613661682749	Marionette	ERROR	[18] No reply from Marionette:Register
console.warn: SearchSettings: "get: No settings file exists, new profile?" (new Error("", "(unknown module)"))
1613661694445	Marionette	ERROR	[33] No reply from Marionette:Register
1613661852364	Marionette	INFO	Stopped listening on port 63203
JavaScript error: resource://activity-stream/lib/ASRouter.jsm, line 987: NS_ERROR_ILLEGAL_VALUE: Component returned failure code: 0x80070057 (NS_ERROR_ILLEGAL_VALUE) [nsIObserverService.removeObserver]

###!!! [Child][RunMessage] Error: Channel closing: too late to send/recv, messages will be lost

1616800216467	geckodriver	INFO	Listening on 127.0.0.1:57653
1616800219532	mozrunner::runner	INFO	Running command: "C:\\Program Files\\Mozilla Firefox\\firefox.exe" "--marionette" "-foreground" "-no-remote" "-profile" "C:\\Users\\breno\\AppData\\Local\\Temp\\rust_mozprofile45OdR1"
console.warn: SearchSettings: "get: No settings file exists, new profile?" (new Error("", "(unknown module)"))
1616800226876	Marionette	INFO	Listening on port 57661
1616800227066	Marionette	WARN	TLS certificate errors will be ignored for this session
console.log: WebExtensions: reset-default-search: No addons in our list are installed.
1616802270552	Marionette	INFO	Stopped listening on port 57661

###!!! [Child][RunMessage] Error: Channel closing: too late to send/recv, messages will be lost

1616802279207	geckodriver	INFO	Listening on 127.0.0.1:51359
1616802282319	mozrunner::runner	INFO	Running command: "C:\\Program Files\\Mozilla Firefox\\firefox.exe" "--marionette" "-foreground" "-no-remote" "-profile" "C:\\Users\\breno\\AppData\\Local\\Temp\\rust_mozprofileSspXuP"
console.warn: SearchSettings: "get: No settings file exists, new profile?" (new Error("", "(unknown module)"))
1616802289464	Marionette	INFO	Listening on port 51367
1616802289711	Marionette	WARN	TLS certificate errors will be ignored for this session
console.log: WebExtensions: reset-default-search: No addons in our list are installed.
1616803562006	Marionette	INFO	Stopped listening on port 51367

###!!! [Child][RunMessage] Error: Channel closing: too late to send/recv, messages will be lost

1616803652527	geckodriver	INFO	Listening on 127.0.0.1:51737
1616803655543	mozrunner::runner	INFO	Running command: "C:\\Program Files\\Mozilla Firefox\\firefox.exe" "--marionette" "-foreground" "-no-remote" "-profile" "C:\\Users\\breno\\AppData\\Local\\Temp\\rust_mozprofileM9uuCn"
console.warn: SearchSettings: "get: No settings file exists, new profile?" (new Error("", "(unknown module)"))
1616803663045	Marionette	INFO	Listening on port 51745
1616803663445	Marionette	WARN	TLS certificate errors will be ignored for this session
JavaScript error: https://www.facebook.com/instagram/login_sync/, line 4: ReferenceError: requireLazy is not defined
JavaScript error: https://www.facebook.com/instagram/login_sync/, line 9: ReferenceError: requireLazy is not defined
JavaScript error: https://www.facebook.com/instagram/login_sync/, line 10: ReferenceError: requireLazy is not defined
JavaScript error: https://www.facebook.com/instagram/login_sync/, line 11: ReferenceError: requireLazy is not defined
console.log: WebExtensions: reset-default-search: No addons in our list are installed.
1616850504862	Marionette	INFO	Stopped listening on port 51745
[Parent 11072, IPC I/O Parent] WARNING: file /builds/worker/checkouts/gecko/ipc/chromium/src/base/process_util_win.cc:167
1616850518789	geckodriver	INFO	Listening on 127.0.0.1:58054
1616850521897	mozrunner::runner	INFO	Running command: "C:\\Program Files\\Mozilla Firefox\\firefox.exe" "--marionette" "-foreground" "-no-remote" "-profile" "C:\\Users\\breno\\AppData\\Local\\Temp\\rust_mozprofileK9NMr9"
console.warn: SearchSettings: "get: No settings file exists, new profile?" (new Error("", "(unknown module)"))
1616850537984	Marionette	INFO	Listening on port 58063
1616850538993	Marionette	WARN	TLS certificate errors will be ignored for this session
console.log: WebExtensions: reset-default-search: No addons in our list are installed.
1616865792178	Marionette	INFO	Stopped listening on port 58063

###!!! [Child][RunMessage] Error: Channel closing: too late to send/recv, messages will be lost

1616865800898	geckodriver	INFO	Listening on 127.0.0.1:59191
1616865803793	mozrunner::runner	INFO	Running command: "C:\\Program Files\\Mozilla Firefox\\firefox.exe" "--marionette" "-foreground" "-no-remote" "-profile" "C:\\Users\\breno\\AppData\\Local\\Temp\\rust_mozprofileQ25w0s"
console.warn: SearchSettings: "get: No settings file exists, new profile?" (new Error("", "(unknown module)"))
1616865815028	Marionette	INFO	Listening on port 59199
1616865815508	Marionette	WARN	TLS certificate errors will be ignored for this session
console.log: WebExtensions: reset-default-search: No addons in our list are installed.
1616867190944	Marionette	INFO	Stopped listening on port 59199
1616867195091	geckodriver	INFO	Listening on 127.0.0.1:59665
1616867198212	mozrunner::runner	INFO	Running command: "C:\\Program Files\\Mozilla Firefox\\firefox.exe" "--marionette" "-foreground" "-no-remote" "-profile" "C:\\Users\\breno\\AppData\\Local\\Temp\\rust_mozprofileRQ1Lh9"
console.warn: SearchSettings: "get: No settings file exists, new profile?" (new Error("", "(unknown module)"))
1616867203397	Marionette	INFO	Listening on port 59674
1616867203532	Marionette	WARN	TLS certificate errors will be ignored for this session
console.log: WebExtensions: reset-default-search: No addons in our list are installed.
1616873599605	Marionette	INFO	Stopped listening on port 59674

###!!! [Child][RunMessage] Error: Channel closing: too late to send/recv, messages will be lost

1616873605370	geckodriver	INFO	Listening on 127.0.0.1:60202
1616873608437	mozrunner::runner	INFO	Running command: "C:\\Program Files\\Mozilla Firefox\\firefox.exe" "--marionette" "-foreground" "-no-remote" "-profile" "C:\\Users\\breno\\AppData\\Local\\Temp\\rust_mozprofileZwnk9G"
console.warn: SearchSettings: "get: No settings file exists, new profile?" (new Error("", "(unknown module)"))
1616873615142	Marionette	INFO	Listening on port 60213
1616873615301	Marionette	WARN	TLS certificate errors will be ignored for this session
1616873630992	Marionette	WARN	Ignoring event 'DOMContentLoaded' because document has an invalid readyState of 'complete'.
console.log: WebExtensions: reset-default-search: No addons in our list are installed.
1616874200500	Marionette	INFO	Stopped listening on port 60213

###!!! [Child][RunMessage] Error: Channel closing: too late to send/recv, messages will be lost

