1613690275897	geckodriver	INFO	Listening on 127.0.0.1:59057
1613690278836	mozrunner::runner	INFO	Running command: "C:\\Program Files\\Mozilla Firefox\\firefox.exe" "--marionette" "-foreground" "-no-remote" "-profile" "C:\\Users\\breno\\AppData\\Local\\Temp\\rust_mozprofiledLmITO"
console.warn: SearchSettings: "get: No settings file exists, new profile?" (new Error("", "(unknown module)"))
1613690283098	Marionette	INFO	Listening on port 59065
1613690283682	Marionette	WARN	TLS certificate errors will be ignored for this session
1613690283695	Marionette	ERROR	[15] No reply from Marionette:Register
console.warn: SearchSettings: "get: No settings file exists, new profile?" (new Error("", "(unknown module)"))
1613690295435	Marionette	ERROR	[33] No reply from Marionette:Register
JavaScript error: , line 0: TypeError: Error in body stream
JavaScript error: , line 0: TypeError: Error in body stream
console.log: WebExtensions: reset-default-search: No addons in our list are installed.
1613733165920	Marionette	INFO	Stopped listening on port 59065
JavaScript error: resource://activity-stream/lib/ASRouter.jsm, line 987: NS_ERROR_ILLEGAL_VALUE: Component returned failure code: 0x80070057 (NS_ERROR_ILLEGAL_VALUE) [nsIObserverService.removeObserver]
1613735491882	geckodriver	INFO	Listening on 127.0.0.1:60869
1613735494926	mozrunner::runner	INFO	Running command: "C:\\Program Files\\Mozilla Firefox\\firefox.exe" "--marionette" "-foreground" "-no-remote" "-profile" "C:\\Users\\breno\\AppData\\Local\\Temp\\rust_mozprofile2X7lvW"
console.warn: SearchSettings: "get: No settings file exists, new profile?" (new Error("", "(unknown module)"))
1613735505128	Marionette	INFO	Listening on port 60886
1613735505378	Marionette	WARN	TLS certificate errors will be ignored for this session
1613735505398	Marionette	ERROR	[15] No reply from Marionette:Register
console.warn: SearchSettings: "get: No settings file exists, new profile?" (new Error("", "(unknown module)"))
1613735516634	Marionette	ERROR	[33] No reply from Marionette:Register
console.log: WebExtensions: reset-default-search: No addons in our list are installed.
1613740964787	Marionette	INFO	Stopped listening on port 60886
JavaScript error: resource://activity-stream/lib/ASRouter.jsm, line 987: NS_ERROR_ILLEGAL_VALUE: Component returned failure code: 0x80070057 (NS_ERROR_ILLEGAL_VALUE) [nsIObserverService.removeObserver]
1613758228429	geckodriver	INFO	Listening on 127.0.0.1:60204
1613758231484	mozrunner::runner	INFO	Running command: "C:\\Program Files\\Mozilla Firefox\\firefox.exe" "--marionette" "-foreground" "-no-remote" "-profile" "C:\\Users\\breno\\AppData\\Local\\Temp\\rust_mozprofilesg9hgt"
console.warn: SearchSettings: "get: No settings file exists, new profile?" (new Error("", "(unknown module)"))
1613758248436	Marionette	INFO	Listening on port 60215
1613758248903	Marionette	WARN	TLS certificate errors will be ignored for this session
1613758248931	Marionette	ERROR	[15] No reply from Marionette:Register
console.warn: SearchSettings: "get: No settings file exists, new profile?" (new Error("", "(unknown module)"))
1613758263563	Marionette	ERROR	[33] No reply from Marionette:Register
JavaScript error: https://www.facebook.com/instagram/login_sync/, line 4: ReferenceError: requireLazy is not defined
JavaScript error: https://www.facebook.com/instagram/login_sync/, line 9: ReferenceError: requireLazy is not defined
JavaScript error: https://www.facebook.com/instagram/login_sync/, line 10: ReferenceError: requireLazy is not defined
JavaScript error: https://www.facebook.com/instagram/login_sync/, line 11: ReferenceError: requireLazy is not defined
console.log: WebExtensions: reset-default-search: No addons in our list are installed.
1613767575495	Marionette	INFO	Stopped listening on port 60215
JavaScript error: resource://activity-stream/lib/ASRouter.jsm, line 987: NS_ERROR_ILLEGAL_VALUE: Component returned failure code: 0x80070057 (NS_ERROR_ILLEGAL_VALUE) [nsIObserverService.removeObserver]
[Parent 7832, IPC I/O Parent] WARNING: file /builds/worker/checkouts/gecko/ipc/chromium/src/base/process_util_win.cc:167
1613767585130	geckodriver	INFO	Listening on 127.0.0.1:56978
1613767588247	mozrunner::runner	INFO	Running command: "C:\\Program Files\\Mozilla Firefox\\firefox.exe" "--marionette" "-foreground" "-no-remote" "-profile" "C:\\Users\\breno\\AppData\\Local\\Temp\\rust_mozprofilegu2GDJ"
console.warn: SearchSettings: "get: No settings file exists, new profile?" (new Error("", "(unknown module)"))
1613767603197	Marionette	INFO	Listening on port 56986
1613767603554	Marionette	WARN	TLS certificate errors will be ignored for this session
1613767603572	Marionette	ERROR	[15] No reply from Marionette:Register
console.warn: SearchSettings: "get: No settings file exists, new profile?" (new Error("", "(unknown module)"))
1613767615545	Marionette	ERROR	[33] No reply from Marionette:Register
1613767733266	Marionette	WARN	TimedPromise timed out after 500 ms: stacktrace:
TimedPromise/<@chrome://marionette/content/sync.js:235:19
TimedPromise@chrome://marionette/content/sync.js:220:10
interaction.flushEventLoop@chrome://marionette/content/interaction.js:418:10
webdriverClickElement@chrome://marionette/content/interaction.js:179:31
1613767794039	Marionette	INFO	Stopped listening on port 56986
JavaScript error: resource://activity-stream/lib/ASRouter.jsm, line 987: NS_ERROR_ILLEGAL_VALUE: Component returned failure code: 0x80070057 (NS_ERROR_ILLEGAL_VALUE) [nsIObserverService.removeObserver]

###!!! [Child][RunMessage] Error: Channel closing: too late to send/recv, messages will be lost

1613781705797	geckodriver	INFO	Listening on 127.0.0.1:50156
1613781708880	mozrunner::runner	INFO	Running command: "C:\\Program Files\\Mozilla Firefox\\firefox.exe" "--marionette" "-foreground" "-no-remote" "-profile" "C:\\Users\\breno\\AppData\\Local\\Temp\\rust_mozprofiletXT4h1"
console.warn: SearchSettings: "get: No settings file exists, new profile?" (new Error("", "(unknown module)"))
1613781724924	Marionette	INFO	Listening on port 50165
1613781725618	Marionette	WARN	TLS certificate errors will be ignored for this session
1613781725653	Marionette	ERROR	[15] No reply from Marionette:Register
console.warn: SearchSettings: "get: No settings file exists, new profile?" (new Error("", "(unknown module)"))
1613781736333	Marionette	ERROR	[33] No reply from Marionette:Register
console.log: WebExtensions: reset-default-search: No addons in our list are installed.
1613825621611	Marionette	INFO	Stopped listening on port 50165
